[2024-06-12T06:29:54.399+0000] {manager.py:470} INFO - Processing files using up to 1 processes at a time 
[2024-06-12T06:29:54.400+0000] {manager.py:471} INFO - Process each file at most once every 30 seconds
[2024-06-12T06:29:54.401+0000] {manager.py:472} INFO - Checking for new files in /opt/airflow/dags every 300 seconds
[2024-06-12T06:29:54.402+0000] {manager.py:737} INFO - Searching for files in /opt/airflow/dags
[2024-06-12T06:29:54.405+0000] {manager.py:740} INFO - There are 0 files in /opt/airflow/dags
[2024-06-12T06:33:45.917+0000] {manager.py:470} INFO - Processing files using up to 1 processes at a time 
[2024-06-12T06:33:45.918+0000] {manager.py:471} INFO - Process each file at most once every 30 seconds
[2024-06-12T06:33:45.918+0000] {manager.py:472} INFO - Checking for new files in /opt/airflow/dags every 300 seconds
[2024-06-12T06:33:45.919+0000] {manager.py:737} INFO - Searching for files in /opt/airflow/dags
[2024-06-12T06:33:45.923+0000] {manager.py:740} INFO - There are 1 files in /opt/airflow/dags
[2024-06-12T06:33:46.579+0000] {manager.py:878} INFO - 
================================================================================
DAG File Processing Stats

File Path                          PID    Runtime      # DAGs    # Errors  Last Runtime    Last Run
---------------------------------  -----  ---------  --------  ----------  --------------  -------------------
/opt/airflow/dags/etl_pipeline.py                           1           0  0.52s           2024-06-12T06:33:46
================================================================================
[2024-06-12T06:34:18.261+0000] {manager.py:878} INFO - 
================================================================================
DAG File Processing Stats

File Path                          PID    Runtime      # DAGs    # Errors  Last Runtime    Last Run
---------------------------------  -----  ---------  --------  ----------  --------------  -------------------
/opt/airflow/dags/etl_pipeline.py                           1           0  0.86s           2024-06-12T06:34:18
================================================================================
[2024-06-12T06:34:49.780+0000] {manager.py:878} INFO - 
================================================================================
DAG File Processing Stats

File Path                          PID    Runtime      # DAGs    # Errors  Last Runtime    Last Run
---------------------------------  -----  ---------  --------  ----------  --------------  -------------------
/opt/airflow/dags/etl_pipeline.py                           1           0  0.75s           2024-06-12T06:34:49
================================================================================
[2024-06-12T06:35:21.940+0000] {manager.py:878} INFO - 
================================================================================
DAG File Processing Stats

File Path                          PID    Runtime      # DAGs    # Errors  Last Runtime    Last Run
---------------------------------  -----  ---------  --------  ----------  --------------  -------------------
/opt/airflow/dags/etl_pipeline.py                           1           0  0.96s           2024-06-12T06:35:21
================================================================================
[2024-06-12T06:35:52.944+0000] {manager.py:878} INFO - 
================================================================================
DAG File Processing Stats

File Path                          PID    Runtime      # DAGs    # Errors  Last Runtime    Last Run
---------------------------------  -----  ---------  --------  ----------  --------------  -------------------
/opt/airflow/dags/etl_pipeline.py                           1           0  0.63s           2024-06-12T06:35:52
================================================================================
[2024-06-12T06:36:24.260+0000] {manager.py:878} INFO - 
================================================================================
DAG File Processing Stats

File Path                          PID    Runtime      # DAGs    # Errors  Last Runtime    Last Run
---------------------------------  -----  ---------  --------  ----------  --------------  -------------------
/opt/airflow/dags/etl_pipeline.py                           1           0  0.74s           2024-06-12T06:36:24
================================================================================
[2024-06-12T06:36:55.670+0000] {manager.py:878} INFO - 
================================================================================
DAG File Processing Stats

File Path                          PID    Runtime      # DAGs    # Errors  Last Runtime    Last Run
---------------------------------  -----  ---------  --------  ----------  --------------  -------------------
/opt/airflow/dags/etl_pipeline.py                           1           0  0.86s           2024-06-12T06:36:55
================================================================================
[2024-06-12T06:37:26.924+0000] {manager.py:878} INFO - 
================================================================================
DAG File Processing Stats

File Path                          PID    Runtime      # DAGs    # Errors  Last Runtime    Last Run
---------------------------------  -----  ---------  --------  ----------  --------------  -------------------
/opt/airflow/dags/etl_pipeline.py                           1           0  0.66s           2024-06-12T06:37:26
================================================================================
[2024-06-12T06:37:57.971+0000] {manager.py:878} INFO - 
================================================================================
DAG File Processing Stats

File Path                          PID    Runtime      # DAGs    # Errors  Last Runtime    Last Run
---------------------------------  -----  ---------  --------  ----------  --------------  -------------------
/opt/airflow/dags/etl_pipeline.py                           1           0  0.58s           2024-06-12T06:37:57
================================================================================
[2024-06-12T06:38:28.657+0000] {manager.py:878} INFO - 
================================================================================
DAG File Processing Stats

File Path                          PID    Runtime      # DAGs    # Errors  Last Runtime    Last Run
---------------------------------  -----  ---------  --------  ----------  --------------  -------------------
/opt/airflow/dags/etl_pipeline.py                           1           0  0.58s           2024-06-12T06:38:28
================================================================================
[2024-06-12T06:38:45.922+0000] {manager.py:737} INFO - Searching for files in /opt/airflow/dags
[2024-06-12T06:38:45.938+0000] {manager.py:740} INFO - There are 1 files in /opt/airflow/dags
[2024-06-12T06:39:00.043+0000] {manager.py:878} INFO - 
================================================================================
DAG File Processing Stats

File Path                          PID    Runtime      # DAGs    # Errors  Last Runtime    Last Run
---------------------------------  -----  ---------  --------  ----------  --------------  -------------------
/opt/airflow/dags/etl_pipeline.py                           1           0  0.78s           2024-06-12T06:39:00
================================================================================
[2024-06-12T06:39:30.644+0000] {manager.py:878} INFO - 
================================================================================
DAG File Processing Stats

File Path                          PID    Runtime      # DAGs    # Errors  Last Runtime    Last Run
---------------------------------  -----  ---------  --------  ----------  --------------  -------------------
/opt/airflow/dags/etl_pipeline.py                           1           0  0.58s           2024-06-12T06:39:30
================================================================================
[2024-06-12T06:40:01.924+0000] {manager.py:878} INFO - 
================================================================================
DAG File Processing Stats

File Path                          PID    Runtime      # DAGs    # Errors  Last Runtime    Last Run
---------------------------------  -----  ---------  --------  ----------  --------------  -------------------
/opt/airflow/dags/etl_pipeline.py                           1           0  1.06s           2024-06-12T06:40:01
================================================================================
[2024-06-12T06:40:32.692+0000] {manager.py:878} INFO - 
================================================================================
DAG File Processing Stats

File Path                          PID    Runtime      # DAGs    # Errors  Last Runtime    Last Run
---------------------------------  -----  ---------  --------  ----------  --------------  -------------------
/opt/airflow/dags/etl_pipeline.py                           1           0  0.57s           2024-06-12T06:40:32
================================================================================
[2024-06-12T06:41:03.436+0000] {manager.py:878} INFO - 
================================================================================
DAG File Processing Stats

File Path                          PID    Runtime      # DAGs    # Errors  Last Runtime    Last Run
---------------------------------  -----  ---------  --------  ----------  --------------  -------------------
/opt/airflow/dags/etl_pipeline.py                           1           0  0.55s           2024-06-12T06:41:03
================================================================================
[2024-06-12T06:41:34.089+0000] {manager.py:878} INFO - 
================================================================================
DAG File Processing Stats

File Path                          PID    Runtime      # DAGs    # Errors  Last Runtime    Last Run
---------------------------------  -----  ---------  --------  ----------  --------------  -------------------
/opt/airflow/dags/etl_pipeline.py                           1           0  0.48s           2024-06-12T06:41:34
================================================================================
[2024-06-12T06:42:04.772+0000] {manager.py:878} INFO - 
================================================================================
DAG File Processing Stats

File Path                          PID    Runtime      # DAGs    # Errors  Last Runtime    Last Run
---------------------------------  -----  ---------  --------  ----------  --------------  -------------------
/opt/airflow/dags/etl_pipeline.py                           1           0  0.45s           2024-06-12T06:42:04
================================================================================
[2024-06-12T06:42:35.678+0000] {manager.py:878} INFO - 
================================================================================
DAG File Processing Stats

File Path                          PID    Runtime      # DAGs    # Errors  Last Runtime    Last Run
---------------------------------  -----  ---------  --------  ----------  --------------  -------------------
/opt/airflow/dags/etl_pipeline.py                           1           0  0.75s           2024-06-12T06:42:35
================================================================================
[2024-06-12T06:43:07.322+0000] {manager.py:878} INFO - 
================================================================================
DAG File Processing Stats

File Path                          PID    Runtime      # DAGs    # Errors  Last Runtime    Last Run
---------------------------------  -----  ---------  --------  ----------  --------------  -------------------
/opt/airflow/dags/etl_pipeline.py                           1           0  1.17s           2024-06-12T06:43:07
================================================================================
[2024-06-12T06:43:38.240+0000] {manager.py:878} INFO - 
================================================================================
DAG File Processing Stats

File Path                          PID    Runtime      # DAGs    # Errors  Last Runtime    Last Run
---------------------------------  -----  ---------  --------  ----------  --------------  -------------------
/opt/airflow/dags/etl_pipeline.py                           1           0  0.79s           2024-06-12T06:43:38
================================================================================
[2024-06-12T06:44:36.479+0000] {manager.py:470} INFO - Processing files using up to 1 processes at a time 
[2024-06-12T06:44:36.480+0000] {manager.py:471} INFO - Process each file at most once every 30 seconds
[2024-06-12T06:44:36.481+0000] {manager.py:472} INFO - Checking for new files in /opt/airflow/dags every 300 seconds
[2024-06-12T06:44:36.482+0000] {manager.py:737} INFO - Searching for files in /opt/airflow/dags
[2024-06-12T06:44:36.487+0000] {manager.py:740} INFO - There are 1 files in /opt/airflow/dags
[2024-06-12T06:44:37.204+0000] {manager.py:878} INFO - 
================================================================================
DAG File Processing Stats

File Path                          PID    Runtime      # DAGs    # Errors  Last Runtime    Last Run
---------------------------------  -----  ---------  --------  ----------  --------------  -------------------
/opt/airflow/dags/etl_pipeline.py                           1           0  0.53s           2024-06-12T06:44:37
================================================================================
[2024-06-12T06:45:08.842+0000] {manager.py:878} INFO - 
================================================================================
DAG File Processing Stats

File Path                          PID    Runtime      # DAGs    # Errors  Last Runtime    Last Run
---------------------------------  -----  ---------  --------  ----------  --------------  -------------------
/opt/airflow/dags/etl_pipeline.py                           1           0  0.90s           2024-06-12T06:45:08
================================================================================
[2024-06-12T06:46:17.251+0000] {manager.py:470} INFO - Processing files using up to 1 processes at a time 
[2024-06-12T06:46:17.252+0000] {manager.py:471} INFO - Process each file at most once every 30 seconds
[2024-06-12T06:46:17.253+0000] {manager.py:472} INFO - Checking for new files in /opt/airflow/dags every 300 seconds
[2024-06-12T06:46:17.254+0000] {manager.py:737} INFO - Searching for files in /opt/airflow/dags
[2024-06-12T06:46:17.260+0000] {manager.py:740} INFO - There are 1 files in /opt/airflow/dags
[2024-06-12T06:46:17.790+0000] {manager.py:878} INFO - 
================================================================================
DAG File Processing Stats

File Path                          PID    Runtime      # DAGs    # Errors  Last Runtime    Last Run
---------------------------------  -----  ---------  --------  ----------  --------------  -------------------
/opt/airflow/dags/etl_pipeline.py                           1           0  0.41s           2024-06-12T06:46:17
================================================================================
[2024-06-12T06:46:49.305+0000] {manager.py:878} INFO - 
================================================================================
DAG File Processing Stats

File Path                          PID    Runtime      # DAGs    # Errors  Last Runtime    Last Run
---------------------------------  -----  ---------  --------  ----------  --------------  -------------------
/opt/airflow/dags/etl_pipeline.py                           1           0  0.66s           2024-06-12T06:46:49
================================================================================
[2024-06-14T11:25:07.659+0000] {manager.py:470} INFO - Processing files using up to 2 processes at a time 
[2024-06-14T11:25:07.661+0000] {manager.py:471} INFO - Process each file at most once every 30 seconds
[2024-06-14T11:25:07.663+0000] {manager.py:472} INFO - Checking for new files in /opt/airflow/dags every 300 seconds
[2024-06-14T11:25:07.665+0000] {manager.py:737} INFO - Searching for files in /opt/airflow/dags
[2024-06-14T11:25:07.677+0000] {manager.py:740} INFO - There are 2 files in /opt/airflow/dags
[2024-06-14T11:25:07.840+0000] {manager.py:878} INFO - 
================================================================================
DAG File Processing Stats

File Path                            PID  Runtime      # DAGs    # Errors  Last Runtime    Last Run
---------------------------------  -----  ---------  --------  ----------  --------------  ----------
/opt/airflow/dags/testEtl.py         177  0.07s             0           0
/opt/airflow/dags/etl_pipeline.py    180  0.06s             0           0
================================================================================
[2024-06-14T11:25:38.586+0000] {manager.py:878} INFO - 
================================================================================
DAG File Processing Stats

File Path                            PID  Runtime      # DAGs    # Errors  Last Runtime    Last Run
---------------------------------  -----  ---------  --------  ----------  --------------  -------------------
/opt/airflow/dags/etl_pipeline.py    191  0.01s             1           0  0.55s           2024-06-14T11:25:08
/opt/airflow/dags/testEtl.py         188  0.07s             1           0  0.21s           2024-06-14T11:25:07
================================================================================
[2024-06-14T11:26:09.581+0000] {manager.py:878} INFO - 
================================================================================
DAG File Processing Stats

File Path                            PID  Runtime      # DAGs    # Errors  Last Runtime    Last Run
---------------------------------  -----  ---------  --------  ----------  --------------  -------------------
/opt/airflow/dags/etl_pipeline.py                           1           0  1.67s           2024-06-14T11:25:40
/opt/airflow/dags/testEtl.py         199  0.04s             1           0  0.57s           2024-06-14T11:25:39
================================================================================
[2024-06-14T11:26:40.065+0000] {manager.py:878} INFO - 
================================================================================
DAG File Processing Stats

File Path                            PID  Runtime      # DAGs    # Errors  Last Runtime    Last Run
---------------------------------  -----  ---------  --------  ----------  --------------  -------------------
/opt/airflow/dags/etl_pipeline.py                           1           0  0.95s           2024-06-14T11:26:11
/opt/airflow/dags/testEtl.py         210  0.05s             1           0  0.23s           2024-06-14T11:26:09
================================================================================
